\BOOKMARK [0][-]{chapter*.1}{\376\377\000A\000b\000s\000t\000r\000a\000c\000t}{}% 1
\BOOKMARK [0][-]{chapter*.2}{\376\377\000A\000c\000k\000n\000o\000w\000l\000e\000d\000g\000m\000e\000n\000t\000s}{}% 2
\BOOKMARK [0][-]{chapter*.4}{\376\377\000N\000o\000m\000e\000n\000c\000l\000a\000t\000u\000r\000e}{}% 3
\BOOKMARK [0][-]{chapter.1}{\376\377\000I\000n\000t\000r\000o\000d\000u\000c\000t\000i\000o\000n}{}% 4
\BOOKMARK [1][-]{section.1.1}{\376\377\000P\000r\000o\000b\000l\000e\000m\000\040\000S\000t\000a\000t\000e\000m\000e\000n\000t}{chapter.1}% 5
\BOOKMARK [1][-]{section.1.2}{\376\377\000A\000d\000d\000r\000e\000s\000s\000i\000n\000g\000\040\000t\000h\000e\000\040\000P\000r\000o\000b\000l\000e\000m}{chapter.1}% 6
\BOOKMARK [1][-]{section.1.3}{\376\377\000R\000e\000s\000e\000a\000r\000c\000h\000\040\000Q\000u\000e\000s\000t\000i\000o\000n\000s}{chapter.1}% 7
\BOOKMARK [1][-]{section.1.4}{\376\377\000M\000o\000t\000i\000v\000a\000t\000i\000o\000n}{chapter.1}% 8
\BOOKMARK [2][-]{subsection.1.4.1}{\376\377\000W\000h\000y\000\040\000D\000e\000s\000i\000g\000n\000\040\000a\000\040\000N\000e\000w\000\040\000V\000M\000I\000?}{section.1.4}% 9
\BOOKMARK [2][-]{subsection.1.4.2}{\376\377\000W\000h\000y\000\040\000D\000e\000s\000i\000g\000n\000\040\000a\000\040\000H\000y\000p\000e\000r\000v\000i\000s\000o\000r\000-\000B\000a\000s\000e\000d\000\040\000V\000i\000r\000t\000u\000a\000l\000\040\000M\000a\000c\000h\000i\000n\000e\000\040\000I\000n\000t\000r\000o\000s\000p\000e\000c\000t\000i\000o\000n\000?}{section.1.4}% 10
\BOOKMARK [2][-]{subsection.1.4.3}{\376\377\000W\000h\000y\000\040\000e\000B\000P\000F\000?}{section.1.4}% 11
\BOOKMARK [2][-]{subsection.1.4.4}{\376\377\000W\000h\000y\000\040\000U\000t\000i\000l\000i\000z\000e\000\040\000S\000y\000s\000t\000e\000m\000\040\000C\000a\000l\000l\000s\000\040\000f\000o\000r\000\040\000I\000n\000t\000r\000o\000s\000p\000e\000c\000t\000i\000o\000n\000?}{section.1.4}% 12
\BOOKMARK [2][-]{subsection.1.4.5}{\376\377\000W\000h\000y\000\040\000U\000t\000i\000l\000i\000z\000e\000\040\000S\000e\000q\000u\000e\000n\000c\000e\000s\000\040\000o\000f\000\040\000S\000y\000s\000t\000e\000m\000\040\000C\000a\000l\000l\000s\000?}{section.1.4}% 13
\BOOKMARK [1][-]{section.1.5}{\376\377\000T\000h\000e\000\040\000P\000r\000o\000b\000l\000e\000m\000\040\000w\000i\000t\000h\000\040\000H\000y\000p\000e\000r\000-\000v\000i\000s\000o\000r\000\040\000b\000a\000s\000e\000d\000\040\000V\000M\000I\000'\000s}{chapter.1}% 14
\BOOKMARK [2][-]{subsection.1.5.1}{\376\377\000T\000h\000e\000\040\000S\000e\000m\000a\000n\000t\000i\000c\000\040\000G\000a\000p\000\040\000P\000r\000o\000b\000l\000e\000m}{section.1.5}% 15
\BOOKMARK [2][-]{subsection.1.5.2}{\376\377\000I\000n\000a\000b\000i\000l\000i\000t\000y\000\040\000t\000o\000\040\000T\000r\000a\000c\000e\000\040\000K\000V\000M\000\040\000G\000u\000e\000s\000t\000\040\000S\000y\000s\000t\000e\000m\000\040\000C\000a\000l\000l\000s\000\040\000f\000r\000o\000m\000\040\000t\000h\000e\000\040\000K\000V\000M\000\040\000H\000y\000p\000e\000r\000v\000i\000s\000o\000r}{section.1.5}% 16
\BOOKMARK [1][-]{section.1.6}{\376\377\000A\000p\000p\000r\000o\000a\000c\000h\000i\000n\000g\000\040\000t\000h\000e\000\040\000P\000r\000o\000b\000l\000e\000m}{chapter.1}% 17
\BOOKMARK [2][-]{subsection.1.6.1}{\376\377\000A\000p\000p\000r\000o\000a\000c\000h\000i\000n\000g\000\040\000T\000h\000e\000\040\000S\000e\000m\000a\000n\000t\000i\000c\000\040\000G\000a\000p\000\040\000P\000r\000o\000b\000l\000e\000m}{section.1.6}% 18
\BOOKMARK [2][-]{subsection.1.6.2}{\376\377\000A\000p\000p\000r\000o\000a\000c\000h\000i\000n\000g\000\040\000t\000h\000e\000\040\000K\000V\000M\000\040\000H\000y\000p\000e\000r\000v\000i\000s\000o\000r\000s\000\040\000i\000n\000a\000b\000i\000l\000i\000t\000y\000\040\000t\000o\000\040\000T\000r\000a\000c\000e\000\040\000G\000u\000e\000s\000t\000\040\000S\000y\000s\000t\000e\000m\000\040\000C\000a\000l\000l\000s}{section.1.6}% 19
\BOOKMARK [1][-]{section.1.7}{\376\377\000C\000o\000n\000t\000r\000i\000b\000u\000t\000i\000o\000n\000s}{chapter.1}% 20
\BOOKMARK [1][-]{section.1.8}{\376\377\000T\000h\000e\000s\000i\000s\000\040\000O\000r\000g\000a\000n\000i\000z\000a\000t\000i\000o\000n}{chapter.1}% 21
\BOOKMARK [0][-]{chapter.2}{\376\377\000R\000e\000l\000a\000t\000e\000d\000\040\000w\000o\000r\000k}{}% 22
\BOOKMARK [0][-]{chapter.3}{\376\377\000B\000a\000c\000k\000g\000r\000o\000u\000n\000d}{}% 23
\BOOKMARK [1][-]{section.3.1}{\376\377\000V\000i\000r\000t\000u\000a\000l\000\040\000M\000a\000c\000h\000i\000n\000e\000\040\000I\000n\000t\000r\000o\000s\000p\000e\000c\000t\000i\000o\000n}{chapter.3}% 24
\BOOKMARK [1][-]{section.3.2}{\376\377\000H\000y\000p\000e\000r\000v\000i\000s\000o\000r}{chapter.3}% 25
\BOOKMARK [1][-]{section.3.3}{\376\377\000I\000n\000t\000e\000l\000\040\000V\000i\000r\000t\000u\000a\000l\000i\000z\000a\000t\000i\000o\000n\000\040\000E\000x\000t\000e\000n\000t\000i\000o\000n\000\040\000\050\000V\000T\000-\000X\000\051}{chapter.3}% 26
\BOOKMARK [1][-]{section.3.4}{\376\377\000T\000h\000e\000\040\000K\000e\000r\000n\000e\000l\000\040\000V\000i\000r\000t\000u\000a\000l\000\040\000M\000a\000c\000h\000i\000n\000e\000\040\000H\000y\000p\000e\000r\000v\000i\000s\000o\000r}{chapter.3}% 27
\BOOKMARK [2][-]{subsection.3.4.1}{\376\377\000M\000o\000d\000e\000l\000\040\000S\000p\000e\000c\000i\000f\000i\000c\000\040\000R\000e\000g\000i\000s\000t\000e\000r\000s}{section.3.4}% 28
\BOOKMARK [2][-]{subsection.3.4.2}{\376\377\000V\000M\000C\000S}{section.3.4}% 29
\BOOKMARK [2][-]{subsection.3.4.3}{\376\377\000V\000M\000\040\000E\000N\000T\000R\000Y\000\040\000C\000o\000n\000t\000e\000x\000t\000\040\000S\000w\000i\000t\000c\000h}{section.3.4}% 30
\BOOKMARK [2][-]{subsection.3.4.4}{\376\377\000V\000M\000\040\000E\000X\000I\000T\000\040\000C\000o\000n\000t\000e\000x\000t\000\040\000S\000w\000i\000t\000c\000h}{section.3.4}% 31
\BOOKMARK [1][-]{section.3.5}{\376\377\000Q\000E\000M\000U}{chapter.3}% 32
\BOOKMARK [1][-]{section.3.6}{\376\377\000S\000y\000s\000t\000e\000m\000\040\000C\000a\000l\000l\000s}{chapter.3}% 33
\BOOKMARK [1][-]{section.3.7}{\376\377\000V\000i\000r\000t\000u\000a\000l\000\040\000M\000a\000c\000h\000i\000n\000e\000\040\000I\000n\000t\000r\000o\000s\000p\000e\000c\000t\000i\000o\000n}{chapter.3}% 34
\BOOKMARK [1][-]{section.3.8}{\376\377\000e\000B\000P\000F}{chapter.3}% 35
\BOOKMARK [1][-]{section.3.9}{\376\377\000T\000h\000e\000\040\000L\000i\000n\000u\000x\000\040\000K\000e\000r\000n\000e\000l\000\040\000T\000r\000a\000c\000e\000p\000o\000i\000n\000t\000\040\000A\000P\000I}{chapter.3}% 36
\BOOKMARK [1][-]{section.3.10}{\376\377\000p\000H\000-\000b\000a\000s\000e\000d\000\040\000S\000e\000q\000u\000e\000n\000c\000e\000s\000\040\000o\000f\000\040\000S\000y\000s\000t\000e\000m\000\040\000C\000a\000l\000l}{chapter.3}% 37
\BOOKMARK [1][-]{section.3.11}{\376\377\000N\000i\000t\000r\000o\000:\000\040\000H\000a\000r\000d\000w\000a\000r\000e\000-\000B\000a\000s\000e\000d\000\040\000S\000y\000s\000t\000e\000m\000\040\000C\000a\000l\000l\000\040\000T\000r\000a\000c\000i\000n\000g\000\040\000f\000o\000r\000\040\000V\000i\000r\000t\000u\000a\000l\000\040\000M\000a\000c\000h\000i\000n\000e\000s}{chapter.3}% 38
\BOOKMARK [0][-]{chapter.4}{\376\377\000D\000e\000s\000i\000g\000n\000i\000n\000g\000\040\000F\000r\000a\000i\000l}{}% 39
\BOOKMARK [0][-]{chapter.5}{\376\377\000I\000m\000p\000l\000e\000m\000e\000n\000t\000i\000n\000g\000\040\000F\000r\000a\000i\000l}{}% 40
\BOOKMARK [1][-]{section.5.1}{\376\377\000U\000s\000e\000r\000\040\000S\000p\000a\000c\000e\000\040\000C\000o\000m\000p\000o\000n\000e\000n\000t}{chapter.5}% 41
\BOOKMARK [1][-]{section.5.2}{\376\377\000K\000e\000r\000n\000e\000l\000\040\000S\000p\000a\000c\000e\000\040\000C\000o\000m\000p\000o\000n\000e\000n\000t}{chapter.5}% 42
\BOOKMARK [2][-]{subsection.5.2.1}{\376\377\000C\000u\000s\000t\000o\000m\000\040\000L\000i\000n\000u\000x\000\040\000K\000e\000r\000n\000e\000l\000\040\000T\000r\000a\000c\000e\000p\000o\000i\000n\000t}{section.5.2}% 43
\BOOKMARK [2][-]{subsection.5.2.2}{\376\377\000K\000e\000r\000n\000e\000l\000\040\000M\000o\000d\000u\000l\000e}{section.5.2}% 44
\BOOKMARK [1][-]{section.5.3}{\376\377\000T\000r\000a\000c\000i\000n\000g\000\040\000P\000r\000o\000c\000e\000s\000s\000e\000s\000s}{chapter.5}% 45
\BOOKMARK [1][-]{section.5.4}{\376\377\000P\000r\000o\000o\000f\000\040\000o\000f\000\040\000T\000r\000a\000c\000a\000b\000i\000l\000i\000t\000y\000\040\000o\000f\000\040\000a\000l\000l\000\040\000K\000V\000M\000\040\000G\000u\000e\000s\000t\000\040\000S\000y\000s\000t\000e\000m\000\040\000C\000a\000l\000l\000s}{chapter.5}% 46
\BOOKMARK [0][-]{chapter.6}{\376\377\000T\000h\000r\000e\000a\000t\000\040\000M\000o\000d\000e\000l\000\040\000o\000f\000\040\000F\000r\000a\000i\000l}{}% 47
\BOOKMARK [0][-]{chapter.7}{\376\377\000F\000u\000t\000u\000r\000e\000\040\000W\000o\000r\000k}{}% 48
\BOOKMARK [0][-]{chapter.8}{\376\377\000C\000o\000n\000c\000l\000u\000s\000i\000o\000n}{}% 49
\BOOKMARK [0][-]{chapter.9}{\376\377\000R\000e\000f\000e\000r\000e\000n\000c\000e\000s}{}% 50
