/usr/bin/ls:2023:02:05:21:46:46
/usr/bin/nautilus:2023:02:05:22:03:19
/usr/local/sbin/net:2023:02:05:22:03:21
/usr/local/bin/net:2023:02:05:22:03:21
/usr/sbin/net:2023:02:05:22:03:21
/usr/bin/net:2023:02:05:22:03:21
/usr/games/net:2023:02:05:22:03:21
/usr/local/games/net:2023:02:05:22:03:21
/snap/bin/net:2023:02:05:22:03:21
/lib/systemd/systemd-hostnamed:2023:02:05:22:03:21
/usr/lib/update-notifier/package-data-downloader:2023:02:06:13:08:40
/usr/bin/systemd-tmpfiles:2023:02:06:13:09:01
/usr/bin/run-parts:2023:02:06:18:18:33
/bin/sh:2023:02:06:18:30:01
/usr/sbin/anacron:2023:02:06:18:33:09
/usr/bin/fwupdmgr:2023:02:06:19:19:37
/usr/lib/NetworkManager/nm-dispatcher:2023:02:06:20:49:16
/etc/NetworkManager/dispatcher.d/01-ifupdown:2023:02:06:20:49:18
/usr/lib/apt/apt-helper:2023:02:06:20:55:19
/usr/local/sbin/systemctl:2023:02:06:20:55:20
/usr/local/bin/systemctl:2023:02:06:20:55:20
/usr/sbin/systemctl:2023:02:06:20:55:20
/usr/bin/systemctl:2023:02:06:20:55:20
/usr/local/sbin/nm-online:2023:02:06:20:55:21
/usr/local/bin/nm-online:2023:02:06:20:55:21
/usr/sbin/nm-online:2023:02:06:20:55:21
/usr/bin/nm-online:2023:02:06:20:55:21
/usr/lib/apt/apt.systemd.daily:2023:02:06:20:55:25
/usr/bin/apt-config:2023:02:06:20:55:26
/usr/bin/dpkg:2023:02:06:20:55:26
/usr/bin/flock:2023:02:06:20:55:26
/usr/bin/cmp:2023:02:06:20:55:26
/usr/bin/apt-get:2023:02:06:20:55:30
